1781661948.626389 client started (3747615): version 3.3a, socket /tmp/tmux-1001/default, protocol 8
1781661948.626416 on Linux 6.1.0-40-cloud-amd64 #1 SMP PREEMPT_DYNAMIC Debian 6.1.153-1 (2025-09-20)
1781661948.626421 using libevent 2.1.12-stable (poll); ncurses 6.3
1781661948.626438 flags are 0x10010000
1781661948.626442 socket is /tmp/tmux-1001/default
1781661948.626494 trying connect
1781661948.626591 add peer 0x562b7bc1f2b0: 6 ((nil))
1781661948.626812 sending message 100 to peer 0x562b7bc1f2b0 (4 bytes)
1781661948.626820 sending message 111 to peer 0x562b7bc1f2b0 (8 bytes)
1781661948.626824 sending message 101 to peer 0x562b7bc1f2b0 (16 bytes)
1781661948.626828 sending message 109 to peer 0x562b7bc1f2b0 (4 bytes)
1781661948.626832 sending message 102 to peer 0x562b7bc1f2b0 (12 bytes)
1781661948.626836 sending message 108 to peer 0x562b7bc1f2b0 (28 bytes)
1781661948.626840 sending message 112 to peer 0x562b7bc1f2b0 (70 bytes)
1781661948.626844 sending message 112 to peer 0x562b7bc1f2b0 (5 bytes)
1781661948.626848 sending message 112 to peer 0x562b7bc1f2b0 (5 bytes)
1781661948.626852 sending message 112 to peer 0x562b7bc1f2b0 (6 bytes)
1781661948.626856 sending message 112 to peer 0x562b7bc1f2b0 (6 bytes)
1781661948.626860 sending message 112 to peer 0x562b7bc1f2b0 (11 bytes)
1781661948.626864 sending message 112 to peer 0x562b7bc1f2b0 (10 bytes)
1781661948.626867 sending message 112 to peer 0x562b7bc1f2b0 (13 bytes)
1781661948.626871 sending message 112 to peer 0x562b7bc1f2b0 (13 bytes)
1781661948.626875 sending message 112 to peer 0x562b7bc1f2b0 (18 bytes)
1781661948.626879 sending message 112 to peer 0x562b7bc1f2b0 (11 bytes)
1781661948.626883 sending message 112 to peer 0x562b7bc1f2b0 (21 bytes)
1781661948.626887 sending message 112 to peer 0x562b7bc1f2b0 (13 bytes)
1781661948.626891 sending message 112 to peer 0x562b7bc1f2b0 (7 bytes)
1781661948.626895 sending message 112 to peer 0x562b7bc1f2b0 (13 bytes)
1781661948.626899 sending message 112 to peer 0x562b7bc1f2b0 (7 bytes)
1781661948.626902 sending message 112 to peer 0x562b7bc1f2b0 (13 bytes)
1781661948.626906 sending message 112 to peer 0x562b7bc1f2b0 (9 bytes)
1781661948.626910 sending message 112 to peer 0x562b7bc1f2b0 (21 bytes)
1781661948.626914 sending message 112 to peer 0x562b7bc1f2b0 (13 bytes)
1781661948.626918 sending message 112 to peer 0x562b7bc1f2b0 (8 bytes)
1781661948.626922 sending message 112 to peer 0x562b7bc1f2b0 (12 bytes)
1781661948.626926 sending message 112 to peer 0x562b7bc1f2b0 (13 bytes)
1781661948.626929 sending message 112 to peer 0x562b7bc1f2b0 (9 bytes)
1781661948.626933 sending message 112 to peer 0x562b7bc1f2b0 (9 bytes)
1781661948.626937 sending message 112 to peer 0x562b7bc1f2b0 (12 bytes)
1781661948.626941 sending message 112 to peer 0x562b7bc1f2b0 (8 bytes)
1781661948.626945 sending message 112 to peer 0x562b7bc1f2b0 (7 bytes)
1781661948.626949 sending message 112 to peer 0x562b7bc1f2b0 (7 bytes)
1781661948.626953 sending message 112 to peer 0x562b7bc1f2b0 (9 bytes)
1781661948.626956 sending message 112 to peer 0x562b7bc1f2b0 (13 bytes)
1781661948.626960 sending message 112 to peer 0x562b7bc1f2b0 (9 bytes)
1781661948.626964 sending message 112 to peer 0x562b7bc1f2b0 (15 bytes)
1781661948.626968 sending message 112 to peer 0x562b7bc1f2b0 (13 bytes)
1781661948.626972 sending message 112 to peer 0x562b7bc1f2b0 (12 bytes)
1781661948.626976 sending message 112 to peer 0x562b7bc1f2b0 (8 bytes)
1781661948.626979 sending message 112 to peer 0x562b7bc1f2b0 (14 bytes)
1781661948.626983 sending message 112 to peer 0x562b7bc1f2b0 (9 bytes)
1781661948.626987 sending message 112 to peer 0x562b7bc1f2b0 (10 bytes)
1781661948.626991 sending message 112 to peer 0x562b7bc1f2b0 (10 bytes)
1781661948.626995 sending message 112 to peer 0x562b7bc1f2b0 (10 bytes)
1781661948.626999 sending message 112 to peer 0x562b7bc1f2b0 (10 bytes)
1781661948.627003 sending message 112 to peer 0x562b7bc1f2b0 (11 bytes)
1781661948.627007 sending message 112 to peer 0x562b7bc1f2b0 (10 bytes)
1781661948.627010 sending message 112 to peer 0x562b7bc1f2b0 (8 bytes)
1781661948.627014 sending message 112 to peer 0x562b7bc1f2b0 (11 bytes)
1781661948.627026 sending message 112 to peer 0x562b7bc1f2b0 (11 bytes)
1781661948.627030 sending message 112 to peer 0x562b7bc1f2b0 (11 bytes)
1781661948.627034 sending message 112 to peer 0x562b7bc1f2b0 (8 bytes)
1781661948.627038 sending message 112 to peer 0x562b7bc1f2b0 (8 bytes)
1781661948.627042 sending message 112 to peer 0x562b7bc1f2b0 (8 bytes)
1781661948.627046 sending message 112 to peer 0x562b7bc1f2b0 (10 bytes)
1781661948.627050 sending message 112 to peer 0x562b7bc1f2b0 (10 bytes)
1781661948.627053 sending message 112 to peer 0x562b7bc1f2b0 (10 bytes)
1781661948.627057 sending message 112 to peer 0x562b7bc1f2b0 (10 bytes)
1781661948.627061 sending message 112 to peer 0x562b7bc1f2b0 (10 bytes)
1781661948.627065 sending message 112 to peer 0x562b7bc1f2b0 (11 bytes)
1781661948.627069 sending message 112 to peer 0x562b7bc1f2b0 (11 bytes)
1781661948.627073 sending message 112 to peer 0x562b7bc1f2b0 (10 bytes)
1781661948.627077 sending message 112 to peer 0x562b7bc1f2b0 (9 bytes)
1781661948.627080 sending message 112 to peer 0x562b7bc1f2b0 (9 bytes)
1781661948.627084 sending message 112 to peer 0x562b7bc1f2b0 (12 bytes)
1781661948.627088 sending message 112 to peer 0x562b7bc1f2b0 (9 bytes)
1781661948.627092 sending message 112 to peer 0x562b7bc1f2b0 (6 bytes)
1781661948.627096 sending message 112 to peer 0x562b7bc1f2b0 (13 bytes)
1781661948.627100 sending message 112 to peer 0x562b7bc1f2b0 (8 bytes)
1781661948.627104 sending message 112 to peer 0x562b7bc1f2b0 (15 bytes)
1781661948.627108 sending message 112 to peer 0x562b7bc1f2b0 (13 bytes)
1781661948.627112 sending message 112 to peer 0x562b7bc1f2b0 (70 bytes)
1781661948.627116 sending message 112 to peer 0x562b7bc1f2b0 (69 bytes)
1781661948.627120 sending message 112 to peer 0x562b7bc1f2b0 (10 bytes)
1781661948.627123 sending message 112 to peer 0x562b7bc1f2b0 (8 bytes)
1781661948.627127 sending message 112 to peer 0x562b7bc1f2b0 (15 bytes)
1781661948.627131 sending message 112 to peer 0x562b7bc1f2b0 (13 bytes)
1781661948.627135 sending message 112 to peer 0x562b7bc1f2b0 (10 bytes)
1781661948.627139 sending message 112 to peer 0x562b7bc1f2b0 (10 bytes)
1781661948.627143 sending message 112 to peer 0x562b7bc1f2b0 (5 bytes)
1781661948.627147 sending message 112 to peer 0x562b7bc1f2b0 (15 bytes)
1781661948.627151 sending message 104 to peer 0x562b7bc1f2b0 (0 bytes)
1781661948.627156 sending message 110 to peer 0x562b7bc1f2b0 (0 bytes)
1781661948.627161 sending message 107 to peer 0x562b7bc1f2b0 (4 bytes)
1781661948.627164 sending message 105 to peer 0x562b7bc1f2b0 (16 bytes)
1781661948.627168 sending message 105 to peer 0x562b7bc1f2b0 (59 bytes)
1781661948.627172 sending message 105 to peer 0x562b7bc1f2b0 (23 bytes)
1781661948.627176 sending message 105 to peer 0x562b7bc1f2b0 (26 bytes)
1781661948.627180 sending message 105 to peer 0x562b7bc1f2b0 (38 bytes)
1781661948.627184 sending message 105 to peer 0x562b7bc1f2b0 (43 bytes)
1781661948.627188 sending message 105 to peer 0x562b7bc1f2b0 (32 bytes)
1781661948.627191 sending message 105 to peer 0x562b7bc1f2b0 (12 bytes)
1781661948.627195 sending message 105 to peer 0x562b7bc1f2b0 (21 bytes)
1781661948.627199 sending message 105 to peer 0x562b7bc1f2b0 (38 bytes)
1781661948.627203 sending message 105 to peer 0x562b7bc1f2b0 (15 bytes)
1781661948.627207 sending message 105 to peer 0x562b7bc1f2b0 (15 bytes)
1781661948.627211 sending message 105 to peer 0x562b7bc1f2b0 (13 bytes)
1781661948.627221 sending message 105 to peer 0x562b7bc1f2b0 (1764 bytes)
1781661948.627234 sending message 105 to peer 0x562b7bc1f2b0 (45 bytes)
1781661948.627238 sending message 105 to peer 0x562b7bc1f2b0 (48 bytes)
1781661948.627242 sending message 105 to peer 0x562b7bc1f2b0 (48 bytes)
1781661948.627246 sending message 105 to peer 0x562b7bc1f2b0 (23 bytes)
1781661948.627250 sending message 105 to peer 0x562b7bc1f2b0 (23 bytes)
1781661948.627254 sending message 105 to peer 0x562b7bc1f2b0 (21 bytes)
1781661948.627258 sending message 105 to peer 0x562b7bc1f2b0 (9 bytes)
1781661948.627262 sending message 105 to peer 0x562b7bc1f2b0 (14 bytes)
1781661948.627270 sending message 105 to peer 0x562b7bc1f2b0 (50 bytes)
1781661948.627274 sending message 105 to peer 0x562b7bc1f2b0 (8 bytes)
1781661948.627278 sending message 105 to peer 0x562b7bc1f2b0 (14 bytes)
1781661948.627282 sending message 105 to peer 0x562b7bc1f2b0 (56 bytes)
1781661948.627286 sending message 105 to peer 0x562b7bc1f2b0 (20 bytes)
1781661948.627290 sending message 105 to peer 0x562b7bc1f2b0 (31 bytes)
1781661948.627294 sending message 105 to peer 0x562b7bc1f2b0 (34 bytes)
1781661948.627298 sending message 105 to peer 0x562b7bc1f2b0 (62 bytes)
1781661948.627302 sending message 105 to peer 0x562b7bc1f2b0 (473 bytes)
1781661948.627305 sending message 105 to peer 0x562b7bc1f2b0 (54 bytes)
1781661948.627309 sending message 105 to peer 0x562b7bc1f2b0 (50 bytes)
1781661948.627313 sending message 105 to peer 0x562b7bc1f2b0 (18 bytes)
1781661948.627317 sending message 105 to peer 0x562b7bc1f2b0 (16 bytes)
1781661948.627321 sending message 106 to peer 0x562b7bc1f2b0 (0 bytes)
1781661948.627377 sending message 200 to peer 0x562b7bc1f2b0 (4 bytes)
1781661948.627385 client loop enter
1781661948.627728 peer 0x562b7bc1f2b0 message 303
1781661948.627736 open write file 2 -
1781661948.627745 sending message 305 to peer 0x562b7bc1f2b0 (8 bytes)
1781661948.627763 write check file 2
1781661948.627896 peer 0x562b7bc1f2b0 message 304
1781661948.627903 write 58 to file 2
1781661948.627908 peer 0x562b7bc1f2b0 message 203
1781661948.627912 file 2 58 bytes left
1781661948.627930 write check file 2
1781661948.627934 client loop exit
